\BOOKMARK [1][-]{section.1}{Sudoku}{}% 1
\BOOKMARK [2][-]{subsection.1.1}{Discussion}{section.1}% 2
\BOOKMARK [3][-]{subsubsection.1.1.1}{ECLiPSe}{subsection.1.1}% 3
\BOOKMARK [3][-]{subsubsection.1.1.2}{CHR}{subsection.1.1}% 4
\BOOKMARK [3][-]{subsubsection.1.1.3}{JESS}{subsection.1.1}% 5
\BOOKMARK [3][-]{subsubsection.1.1.4}{Alternatives}{subsection.1.1}% 6
\BOOKMARK [2][-]{subsection.1.2}{Viewpoints and programs}{section.1}% 7
\BOOKMARK [3][-]{subsubsection.1.2.1}{Standard viewpoint}{subsection.1.2}% 8
\BOOKMARK [3][-]{subsubsection.1.2.2}{Alternative viewpoint}{subsection.1.2}% 9
\BOOKMARK [2][-]{subsection.1.3}{Experiments}{section.1}% 10
\BOOKMARK [3][-]{subsubsection.1.3.1}{ECLiPSe}{subsection.1.3}% 11
\BOOKMARK [3][-]{subsubsection.1.3.2}{CHR}{subsection.1.3}% 12
\BOOKMARK [3][-]{subsubsection.1.3.3}{Conclusion}{subsection.1.3}% 13
\BOOKMARK [1][-]{section.2}{Maximum Density Still Life}{}% 14
\BOOKMARK [2][-]{subsection.2.1}{Discussion}{section.2}% 15
\BOOKMARK [3][-]{subsubsection.2.1.1}{ECLiPSe}{subsection.2.1}% 16
\BOOKMARK [3][-]{subsubsection.2.1.2}{CHR}{subsection.2.1}% 17
\BOOKMARK [3][-]{subsubsection.2.1.3}{JESS}{subsection.2.1}% 18
\BOOKMARK [3][-]{subsubsection.2.1.4}{Alternatives}{subsection.2.1}% 19
\BOOKMARK [2][-]{subsection.2.2}{Experiments}{section.2}% 20
\BOOKMARK [3][-]{subsubsection.2.2.1}{ECLiPSe}{subsection.2.2}% 21
\BOOKMARK [3][-]{subsubsection.2.2.2}{CHR}{subsection.2.2}% 22
\BOOKMARK [3][-]{subsubsection.2.2.3}{Conclusion}{subsection.2.2}% 23
